<?xml version="1.0" encoding="UTF-8"?>
<!-- Generated by org.testng.reporters.JUnitReportReporter -->
<testsuite hostname="LAPTOP-O6K3HA2E" failures="0" tests="5" name="BuffalocartCRM.Project.Scripts.TaskTest" time="12.893" errors="0" timestamp="2022-02-09T15:25:37 IST" skipped="0">
  <testcase classname="BuffalocartCRM.Project.Scripts.TaskTest" name="testBase" time="0.002"/>
  <system-out/>
  <testcase classname="BuffalocartCRM.Project.Scripts.TaskTest" name="verifyTask" time="4.681"/>
  <system-out/>
  <testcase classname="BuffalocartCRM.Project.Scripts.TaskTest" name="verifyAddMultipleTask" time="0.077"/>
  <system-out/>
  <testcase classname="BuffalocartCRM.Project.Scripts.TaskTest" name="verifyKanban" time="4.083"/>
  <system-out/>
  <testcase classname="BuffalocartCRM.Project.Scripts.TaskTest" name="verifyGantt" time="4.050"/>
  <system-out/>
</testsuite> <!-- BuffalocartCRM.Project.Scripts.TaskTest -->
