<?xml version="1.0" encoding="UTF-8"?>
<!-- Generated by org.testng.reporters.JUnitReportReporter -->
<testsuite hostname="LAPTOP-O6K3HA2E" failures="0" tests="5" name="BuffalocartCRM.Project.Scripts.DashboardTest" time="37.031" errors="0" timestamp="2022-02-09T15:25:37 IST" skipped="0">
  <testcase classname="BuffalocartCRM.Project.Scripts.DashboardTest" name="testBase" time="0.002"/>
  <system-out/>
  <testcase classname="BuffalocartCRM.Project.Scripts.DashboardTest" name="verifydashboardPage" time="6.497"/>
  <system-out/>
  <testcase classname="BuffalocartCRM.Project.Scripts.DashboardTest" name="verifytest" time="11.278"/>
  <system-out/>
  <testcase classname="BuffalocartCRM.Project.Scripts.DashboardTest" name="verifyNewPosts" time="12.505"/>
  <system-out/>
  <testcase classname="BuffalocartCRM.Project.Scripts.DashboardTest" name="verifyEvents" time="6.749"/>
  <system-out/>
</testsuite> <!-- BuffalocartCRM.Project.Scripts.DashboardTest -->
