<?xml version="1.0" encoding="UTF-8"?>
<!-- Generated by org.testng.reporters.JUnitReportReporter -->
<testsuite hostname="LAPTOP-O6K3HA2E" failures="0" tests="4" name="BuffalocartCRM.Project.Scripts.EventTest" time="0.141" errors="0" timestamp="2022-02-09T15:25:37 IST" skipped="0">
  <testcase classname="BuffalocartCRM.Project.Scripts.EventTest" name="testBase" time="0.001"/>
  <system-out/>
  <testcase classname="BuffalocartCRM.Project.Scripts.EventTest" name="verifyEvents" time="0.062"/>
  <system-out/>
  <testcase classname="BuffalocartCRM.Project.Scripts.EventTest" name="verifyManage" time="0.038"/>
  <system-out/>
  <testcase classname="BuffalocartCRM.Project.Scripts.EventTest" name="verifyAddEvent" time="0.040"/>
  <system-out/>
</testsuite> <!-- BuffalocartCRM.Project.Scripts.EventTest -->
