<?xml version="1.0" encoding="UTF-8"?>
<!-- Generated by org.testng.reporters.JUnitReportReporter -->
<testsuite hostname="LAPTOP-O6K3HA2E" failures="0" tests="3" name="BuffalocartCRM.Project.Scripts.RegressionTest" time="8.075" errors="0" timestamp="2022-02-08T23:34:06 IST" skipped="0">
  <testcase classname="BuffalocartCRM.Project.Scripts.RegressionTest" name="testBase" time="0.010"/>
  <system-out/>
  <testcase classname="BuffalocartCRM.Project.Scripts.RegressionTest" name="verifyLoginWithValidusernameInvalidpassword" time="2.790"/>
  <system-out/>
  <testcase classname="BuffalocartCRM.Project.Scripts.RegressionTest" name="verifyLoginWithValidusernameValidpassword" time="5.275"/>
  <system-out/>
</testsuite> <!-- BuffalocartCRM.Project.Scripts.RegressionTest -->
