<?xml version="1.0" encoding="UTF-8"?>
<!-- Generated by org.testng.reporters.JUnitReportReporter -->
<testsuite hostname="LAPTOP-O6K3HA2E" failures="0" tests="5" name="BuffalocartCRM.Project.Scripts.LoginTest" time="14.845" errors="0" timestamp="2022-02-09T15:25:37 IST" skipped="0">
  <testcase classname="BuffalocartCRM.Project.Scripts.LoginTest" name="testBase" time="0.015"/>
  <system-out/>
  <testcase classname="BuffalocartCRM.Project.Scripts.LoginTest" name="verifyLoginWithInvalidusernameInvalidpassword" time="0.715"/>
  <system-out/>
  <testcase classname="BuffalocartCRM.Project.Scripts.LoginTest" name="verifyLoginWithValidusernameInvalidpassword" time="2.954"/>
  <system-out/>
  <testcase classname="BuffalocartCRM.Project.Scripts.LoginTest" name="verifyLoginWithInvalidusernameValidpassword" time="0.519"/>
  <system-out/>
  <testcase classname="BuffalocartCRM.Project.Scripts.LoginTest" name="verifyLoginWithValidusernameValidpassword" time="10.642"/>
  <system-out/>
</testsuite> <!-- BuffalocartCRM.Project.Scripts.LoginTest -->
